\BOOKMARK [1][-]{section.1}{Vorwort}{}% 1
\BOOKMARK [2][-]{subsection.1.1}{Einleitung}{section.1}% 2
\BOOKMARK [2][-]{subsection.1.2}{Projektrahmen}{section.1}% 3
\BOOKMARK [2][-]{subsection.1.3}{Aufgabenstellung}{section.1}% 4
\BOOKMARK [2][-]{subsection.1.4}{Zusatzinformationen}{section.1}% 5
\BOOKMARK [2][-]{subsection.1.5}{Definition Smart Home Zentrale}{section.1}% 6
\BOOKMARK [2][-]{subsection.1.6}{Datenschutzhinweis}{section.1}% 7
\BOOKMARK [1][-]{section.2}{Zielsetzung}{}% 8
\BOOKMARK [2][-]{subsection.2.1}{Konzeption}{section.2}% 9
\BOOKMARK [2][-]{subsection.2.2}{Anforderungen und gew\374nschte Features}{section.2}% 10
\BOOKMARK [1][-]{section.3}{Herangehensweise}{}% 11
\BOOKMARK [2][-]{subsection.3.1}{Hardware}{section.3}% 12
\BOOKMARK [2][-]{subsection.3.2}{Software}{section.3}% 13
\BOOKMARK [1][-]{section.4}{Zeitplan}{}% 14
\BOOKMARK [1][-]{section.5}{Komplett\374bersicht}{}% 15
\BOOKMARK [2][-]{subsection.5.1}{Das ,,fertige`` Produkt}{section.5}% 16
\BOOKMARK [2][-]{subsection.5.2}{Kostenaufstellung}{section.5}% 17
\BOOKMARK [3][-]{subsubsection.5.2.1}{Beschaffungskosten}{subsection.5.2}% 18
\BOOKMARK [3][-]{subsubsection.5.2.2}{Kostenberechung f\374r die 3D-Druckteile}{subsection.5.2}% 19
\BOOKMARK [1][-]{section.6}{Hardware}{}% 20
\BOOKMARK [2][-]{subsection.6.1}{Raspberry Pi 4}{section.6}% 21
\BOOKMARK [2][-]{subsection.6.2}{Aufbau des Prototypen}{section.6}% 22
\BOOKMARK [2][-]{subsection.6.3}{Geh\344use}{section.6}% 23
\BOOKMARK [3][-]{subsubsection.6.3.1}{Erster Test des Geh\344uses}{subsection.6.3}% 24
\BOOKMARK [3][-]{subsubsection.6.3.2}{Modellentwicklung am Objekt}{subsection.6.3}% 25
\BOOKMARK [3][-]{subsubsection.6.3.3}{Herstellung des Geh\344uses}{subsection.6.3}% 26
\BOOKMARK [2][-]{subsection.6.4}{Erstellung des RPi-HATs}{section.6}% 27
\BOOKMARK [1][-]{section.7}{Software}{}% 28
\BOOKMARK [2][-]{subsection.7.1}{\334berblick}{section.7}% 29
\BOOKMARK [2][-]{subsection.7.2}{MQTT-Broker}{section.7}% 30
\BOOKMARK [2][-]{subsection.7.3}{Zigbee}{section.7}% 31
\BOOKMARK [2][-]{subsection.7.4}{HomeAssistant}{section.7}% 32
\BOOKMARK [2][-]{subsection.7.5}{MyCroft}{section.7}% 33
\BOOKMARK [1][-]{section.8}{Epilog \046 Fazit}{}% 34
\BOOKMARK [2][-]{subsubsection.8.0.1}{LaTeXvs Word}{section.8}% 35
\BOOKMARK [1][-]{section.9}{Quellen}{}% 36
\BOOKMARK [2][-]{subsection.9.1}{Dokumentationsquellen}{section.9}% 37
\BOOKMARK [2][-]{subsection.9.2}{Verwendete Software}{section.9}% 38
\BOOKMARK [2][-]{subsection.9.3}{Verwendete Hardware}{section.9}% 39
\BOOKMARK [1][-]{section.10}{Anhang}{}% 40
\BOOKMARK [2][-]{subsection.10.1}{Lastenheft}{section.10}% 41
\BOOKMARK [2][-]{subsection.10.2}{Geh\344use-Zeichunungen}{section.10}% 42
\BOOKMARK [2][-]{subsection.10.3}{Raspberry Pi HAT E-Schema}{section.10}% 43
\BOOKMARK [2][-]{subsection.10.4}{Hardware-Dokumentationen}{section.10}% 44
