This is pdfTeX, Version 3.141592653-2.6-1.40.22 (MiKTeX 21.2) (preloaded format=pdflatex 2021.3.7)  9 MAR 2021 11:14
entering extended mode
**./doku.tex
(doku.tex
LaTeX2e <2020-10-01> patch level 4
L3 programming layer <2021-02-18> xparse <2020-03-03>
(C:\Program Files\MiKTeX\tex/latex/base\article.cls
Document Class: article 2020/04/10 v1.4m Standard LaTeX document class
(C:\Program Files\MiKTeX\tex/latex/base\size12.clo
File: size12.clo 2020/04/10 v1.4m Standard LaTeX file (size option)
)
\c@part=\count179
\c@section=\count180
\c@subsection=\count181
\c@subsubsection=\count182
\c@paragraph=\count183
\c@subparagraph=\count184
\c@figure=\count185
\c@table=\count186
\abovecaptionskip=\skip47
\belowcaptionskip=\skip48
\bibindent=\dimen138
)
(C:\Users\narfm\AppData\Roaming\MiKTeX\tex/generic/german\ngerman.sty
v2.5e 1998-07-08
Package: ngerman 1998/07/08 v2.5e Support for writing german texts (br)
\grmnU@D=\dimen139
ngerman -- \language number for naustrian undefined, default 48 used.
)
(C:\Users\narfm\AppData\Roaming\MiKTeX\tex/latex/psnfss\helvet.sty
Package: helvet 2020/03/25 PSNFSS-v9.3 (WaS) 

(C:\Program Files\MiKTeX\tex/latex/graphics\keyval.sty
Package: keyval 2014/10/28 v1.15 key=value parser (DPC)
\KV@toks@=\toks15
))
(C:\Program Files\MiKTeX\tex/latex/amsmath\amsmath.sty
Package: amsmath 2020/09/23 v2.17i AMS math features
\@mathmargin=\skip49

For additional information on amsmath, use the `?' option.
(C:\Program Files\MiKTeX\tex/latex/amsmath\amstext.sty
Package: amstext 2000/06/29 v2.01 AMS text

(C:\Program Files\MiKTeX\tex/latex/amsmath\amsgen.sty
File: amsgen.sty 1999/11/30 v2.0 generic functions
\@emptytoks=\toks16
\ex@=\dimen140
))
(C:\Program Files\MiKTeX\tex/latex/amsmath\amsbsy.sty
Package: amsbsy 1999/11/29 v1.2d Bold Symbols
\pmbraise@=\dimen141
)
(C:\Program Files\MiKTeX\tex/latex/amsmath\amsopn.sty
Package: amsopn 2016/03/08 v2.02 operator names
)
\inf@bad=\count187
LaTeX Info: Redefining \frac on input line 234.
\uproot@=\count188
\leftroot@=\count189
LaTeX Info: Redefining \overline on input line 399.
\classnum@=\count190
\DOTSCASE@=\count191
LaTeX Info: Redefining \ldots on input line 496.
LaTeX Info: Redefining \dots on input line 499.
LaTeX Info: Redefining \cdots on input line 620.
\Mathstrutbox@=\box47
\strutbox@=\box48
\big@size=\dimen142
LaTeX Font Info:    Redeclaring font encoding OML on input line 743.
LaTeX Font Info:    Redeclaring font encoding OMS on input line 744.
\macc@depth=\count192
\c@MaxMatrixCols=\count193
\dotsspace@=\muskip16
\c@parentequation=\count194
\dspbrk@lvl=\count195
\tag@help=\toks17
\row@=\count196
\column@=\count197
\maxfields@=\count198
\andhelp@=\toks18
\eqnshift@=\dimen143
\alignsep@=\dimen144
\tagshift@=\dimen145
\tagwidth@=\dimen146
\totwidth@=\dimen147
\lineht@=\dimen148
\@envbody=\toks19
\multlinegap=\skip50
\multlinetaggap=\skip51
\mathdisplay@stack=\toks20
LaTeX Info: Redefining \[ on input line 2923.
LaTeX Info: Redefining \] on input line 2924.
)
(C:\Program Files\MiKTeX\tex/latex/amsfonts\amsfonts.sty
Package: amsfonts 2013/01/14 v3.01 Basic AMSFonts support
\symAMSa=\mathgroup4
\symAMSb=\mathgroup5
LaTeX Font Info:    Redeclaring math symbol \hbar on input line 98.
LaTeX Font Info:    Overwriting math alphabet `\mathfrak' in version `bold'
(Font)                  U/euf/m/n --> U/euf/b/n on input line 106.
)
(C:\Program Files\MiKTeX\tex/latex/amsfonts\amssymb.sty
Package: amssymb 2013/01/14 v3.01 AMS font symbols
)
(C:\Program Files\MiKTeX\tex/latex/graphics\graphicx.sty
Package: graphicx 2020/09/09 v1.2b Enhanced LaTeX Graphics (DPC,SPQR)

(C:\Program Files\MiKTeX\tex/latex/graphics\graphics.sty
Package: graphics 2020/08/30 v1.4c Standard LaTeX Graphics (DPC,SPQR)

(C:\Program Files\MiKTeX\tex/latex/graphics\trig.sty
Package: trig 2016/01/03 v1.10 sin cos tan (DPC)
)
(C:\Program Files\MiKTeX\tex/latex/graphics-cfg\graphics.cfg
File: graphics.cfg 2016/06/04 v1.11 sample graphics configuration
)
Package graphics Info: Driver file: pdftex.def on input line 105.

(C:\Program Files\MiKTeX\tex/latex/graphics-def\pdftex.def
File: pdftex.def 2020/10/05 v1.2a Graphics/color driver for pdftex
))
\Gin@req@height=\dimen149
\Gin@req@width=\dimen150
)
(C:\Users\narfm\AppData\Roaming\MiKTeX\tex/latex/geometry\geometry.sty
Package: geometry 2020/01/02 v5.9 Page Geometry

(C:\Program Files\MiKTeX\tex/generic/iftex\ifvtex.sty
Package: ifvtex 2019/10/25 v1.7 ifvtex legacy package. Use iftex instead.

(C:\Program Files\MiKTeX\tex/generic/iftex\iftex.sty
Package: iftex 2020/03/06 v1.0d TeX engine tests
))
\Gm@cnth=\count199
\Gm@cntv=\count266
\c@Gm@tempcnt=\count267
\Gm@bindingoffset=\dimen151
\Gm@wd@mp=\dimen152
\Gm@odd@mp=\dimen153
\Gm@even@mp=\dimen154
\Gm@layoutwidth=\dimen155
\Gm@layoutheight=\dimen156
\Gm@layouthoffset=\dimen157
\Gm@layoutvoffset=\dimen158
\Gm@dimlist=\toks21

(C:\Users\narfm\AppData\Roaming\MiKTeX\tex/latex/geometry\geometry.cfg))
(C:\Users\narfm\AppData\Roaming\MiKTeX\tex/latex/koma-script\scrlayer-scrpage.s
ty
Package: scrlayer-scrpage 2020/09/21 v3.32 KOMA-Script package (end user interf
ace for scrlayer)
 (C:\Users\narfm\AppData\Roaming\MiKTeX\tex/latex/koma-script\scrlayer.sty
Package: scrlayer 2020/09/21 v3.32 KOMA-Script package (defining layers and pag
e styles)

(C:\Users\narfm\AppData\Roaming\MiKTeX\tex/latex/koma-script\scrkbase.sty
Package: scrkbase 2020/09/21 v3.32 KOMA-Script package (KOMA-Script-dependent b
asics and keyval usage)

(C:\Users\narfm\AppData\Roaming\MiKTeX\tex/latex/koma-script\scrbase.sty
Package: scrbase 2020/09/21 v3.32 KOMA-Script package (KOMA-Script-independent 
basics and keyval usage)

(C:\Users\narfm\AppData\Roaming\MiKTeX\tex/latex/koma-script\scrlfile.sty
Package: scrlfile 2020/09/21 v3.32 KOMA-Script package (file load hooks)

(C:\Users\narfm\AppData\Roaming\MiKTeX\tex/latex/koma-script\scrlfile-hook.sty
Package: scrlfile-hook 2020/09/21 v3.32 KOMA-Script package (using LaTeX hooks)


LaTeX3 Info: Defining command \BeforeFile with sig. 'm' on line 61.


LaTeX3 Info: Defining command \AfterFile with sig. 'm' on line 65.


LaTeX3 Info: Defining command \BeforeClass with sig. 'm' on line 69.


LaTeX3 Info: Defining command \BeforePackage with sig. 'm' on line 73.


LaTeX3 Info: Defining command \AfterAtEndOfClass with sig. 'smo+m' on line 83.


LaTeX3 Info: Defining command \AfterAtEndOfPackage with sig. 'smo+m' on line
(LaTeX3)     93.


LaTeX3 Info: Defining command \scrlfile@AfterClass with sig. 'smo+m' on line
(LaTeX3)     173.


LaTeX3 Info: Defining command \AfterClass with sig. '' on line 174.


LaTeX3 Info: Defining command \scrlfile@AfterPackage with sig. 'smo+m' on line
(LaTeX3)     191.


LaTeX3 Info: Defining command \AfterPackage with sig. '' on line 192.


LaTeX3 Info: Defining command \ReplaceInput with sig. '' on line 193.


LaTeX3 Info: Defining command \ReplaceClass with sig. 'mm' on line 196.


LaTeX3 Info: Defining command \ReplacePackage with sig. 'mm' on line 199.


LaTeX3 Info: Defining command \UnReplaceInput with sig. '' on line 200.


LaTeX3 Info: Defining command \UnReplaceClass with sig. 'm' on line 203.


LaTeX3 Info: Defining command \UnReplacePackage with sig. 'mm' on line 206.


LaTeX3 Info: Defining command \PreventPackageFromLoading with sig. 's+om' on
(LaTeX3)     line 234.


LaTeX3 Info: Defining command \StorePreventPackageFromLoading with sig. 'm' on
(LaTeX3)     line 242.


LaTeX3 Info: Defining command \ResetPreventPackageFromLoading with sig. '' on
(LaTeX3)     line 247.


LaTeX3 Info: Defining command \UnPreventPackageFromLoading with sig. 'sm' on
(LaTeX3)     line 261.


LaTeX3 Info: Defining command \BeforeClosingMainAux with sig. 'om' on line
(LaTeX3)     274.


LaTeX3 Info: Defining command \AfterReadingMainAux with sig. 'om' on line 287.


LaTeX3 Info: Defining command \protected@immediate@write with sig. 'm+m+m' on
(LaTeX3)     line 298.


(C:\Users\narfm\AppData\Roaming\MiKTeX\tex/latex/koma-script\scrlogo.sty
Package: scrlogo 2020/09/21 v3.32 KOMA-Script package (logo)
)))))
\footheight=\skip52
Package scrlayer Info: patching LaTeX kernel macro \pagestyle on input line 211
6.
))
Package scrlayer-scrpage Info: auto-selection of `pagestyleset=standard'.
(C:\Users\narfm\AppData\Roaming\MiKTeX\tex/latex/microtype\microtype.sty
Package: microtype 2020/12/07 v2.8 Micro-typographical refinements (RS)
\MT@toks=\toks22
\MT@count=\count268
LaTeX Info: Redefining \textls on input line 788.
\MT@outer@kern=\dimen159
LaTeX Info: Redefining \textmicrotypecontext on input line 1358.
\MT@listname@count=\count269

(C:\Users\narfm\AppData\Roaming\MiKTeX\tex/latex/microtype\microtype-pdftex.def
File: microtype-pdftex.def 2020/12/07 v2.8 Definitions specific to pdftex (RS)
LaTeX Info: Redefining \lsstyle on input line 915.
LaTeX Info: Redefining \lslig on input line 915.
\MT@outer@space=\skip53
)
Package microtype Info: Loading configuration file microtype.cfg.
 (C:\Users\narfm\AppData\Roaming\MiKTeX\tex/latex/microtype\microtype.cfg
File: microtype.cfg 2020/12/07 v2.8 microtype main configuration file (RS)
))
(C:\Users\narfm\AppData\Roaming\MiKTeX\tex/latex/pdfpages\pdfpages.sty
Package: pdfpages 2021/02/05 v0.5s Insert pages of external PDF documents (AM)

(C:\Program Files\MiKTeX\tex/latex/base\ifthen.sty
Package: ifthen 2014/09/29 v1.1c Standard LaTeX ifthen package (DPC)
)
(C:\Program Files\MiKTeX\tex/latex/latex-tools\calc.sty
Package: calc 2017/05/25 v4.3 Infix arithmetic (KKT,FJ)
\calc@Acount=\count270
\calc@Bcount=\count271
\calc@Adimen=\dimen160
\calc@Bdimen=\dimen161
\calc@Askip=\skip54
\calc@Bskip=\skip55
LaTeX Info: Redefining \setlength on input line 80.
LaTeX Info: Redefining \addtolength on input line 81.
\calc@Ccount=\count272
\calc@Cskip=\skip56
)
(C:\Users\narfm\AppData\Roaming\MiKTeX\tex/latex/eso-pic\eso-pic.sty
Package: eso-pic 2020/10/14 v3.0a eso-pic (RN)
\ESO@tempdima=\dimen162
\ESO@tempdimb=\dimen163

(C:\Program Files\MiKTeX\tex/latex/xcolor\xcolor.sty
Package: xcolor 2016/05/11 v2.12 LaTeX color extensions (UK)

(C:\Program Files\MiKTeX\tex/latex/graphics-cfg\color.cfg
File: color.cfg 2016/01/02 v1.6 sample color configuration
)
Package xcolor Info: Driver file: pdftex.def on input line 225.
Package xcolor Info: Model `cmy' substituted by `cmy0' on input line 1348.
Package xcolor Info: Model `hsb' substituted by `rgb' on input line 1352.
Package xcolor Info: Model `RGB' extended on input line 1364.
Package xcolor Info: Model `HTML' substituted by `rgb' on input line 1366.
Package xcolor Info: Model `Hsb' substituted by `hsb' on input line 1367.
Package xcolor Info: Model `tHsb' substituted by `hsb' on input line 1368.
Package xcolor Info: Model `HSB' substituted by `hsb' on input line 1369.
Package xcolor Info: Model `Gray' substituted by `gray' on input line 1370.
Package xcolor Info: Model `wave' substituted by `hsb' on input line 1371.
))
\AM@pagewidth=\dimen164
\AM@pageheight=\dimen165
\AM@fboxrule=\dimen166

(C:\Users\narfm\AppData\Roaming\MiKTeX\tex/latex/pdfpages\pppdftex.def
File: pppdftex.def 2021/02/05 v0.5s Pdfpages driver for pdfTeX (AM)
)
\pdfpages@includegraphics@status=\count273
\AM@pagebox=\box49
\AM@global@opts=\toks23
\AM@pagecnt=\count274
\AM@toc@title=\toks24
\c@AM@survey=\count275
\AM@templatesizebox=\box50
)

Package scrlayer-scrpage Warning: Command deprecated!
(scrlayer-scrpage)                Usage of `\setheadtopline', `\setheadsepline'
,
(scrlayer-scrpage)                `\setfootsepline', and `\setfootbotline'
(scrlayer-scrpage)                became deprecated with scrlayer-scrpage.
(scrlayer-scrpage)                You should use KOMA-Script options
(scrlayer-scrpage)                `headsepline', `headtopline', `footsepline',
(scrlayer-scrpage)                or `footbotline' with values
(scrlayer-scrpage)                `<line thickness>:<line length>' to setup
(scrlayer-scrpage)                the line length and thickness, and
(scrlayer-scrpage)                `\setkomafont' or `\addtokomafont' to
(scrlayer-scrpage)                setup the colour on input line 15.


Package scrlayer-scrpage Warning: Command deprecated!
(scrlayer-scrpage)                Usage of `\setheadtopline', `\setheadsepline'
,
(scrlayer-scrpage)                `\setfootsepline', and `\setfootbotline'
(scrlayer-scrpage)                became deprecated with scrlayer-scrpage.
(scrlayer-scrpage)                You should use KOMA-Script options
(scrlayer-scrpage)                `headsepline', `headtopline', `footsepline',
(scrlayer-scrpage)                or `footbotline' with values
(scrlayer-scrpage)                `<line thickness>:<line length>' to setup
(scrlayer-scrpage)                the line length and thickness, and
(scrlayer-scrpage)                `\setkomafont' or `\addtokomafont' to
(scrlayer-scrpage)                setup the colour on input line 16.


Package scrlayer-scrpage Warning: replacing deprecated \clearscrheadfoot by
(scrlayer-scrpage)                \clearpairofpagestyles on input line 19.


Package scrlayer-scrpage Warning: replacing deprecated \clearscrheading by
(scrlayer-scrpage)                \clearmainofpairofpagestyles on input line 20
.


Package scrlayer-scrpage Warning: replacing deprecated \clearscrplain by
(scrlayer-scrpage)                \clearplainofpairofpagestyles on input line 2
1.

LaTeX Font Info:    Trying to load font information for OT1+phv on input line 3
5.
(C:\Users\narfm\AppData\Roaming\MiKTeX\tex/latex/psnfss\ot1phv.fd
File: ot1phv.fd 2020/03/25 scalable font definitions for OT1/phv.
)
(C:\Program Files\MiKTeX\tex/latex/l3backend\l3backend-pdftex.def
File: l3backend-pdftex.def 2021-02-18 L3 backend support: PDF output (pdfTeX)
\l__color_backend_stack_int=\count276
\l__pdf_internal_box=\box51
) (doku.aux)
\openout1 = `doku.aux'.

LaTeX Font Info:    Checking defaults for OML/cmm/m/it on input line 35.
LaTeX Font Info:    ... okay on input line 35.
LaTeX Font Info:    Checking defaults for OMS/cmsy/m/n on input line 35.
LaTeX Font Info:    ... okay on input line 35.
LaTeX Font Info:    Checking defaults for OT1/cmr/m/n on input line 35.
LaTeX Font Info:    ... okay on input line 35.
LaTeX Font Info:    Checking defaults for T1/cmr/m/n on input line 35.
LaTeX Font Info:    ... okay on input line 35.
LaTeX Font Info:    Checking defaults for TS1/cmr/m/n on input line 35.
LaTeX Font Info:    ... okay on input line 35.
LaTeX Font Info:    Checking defaults for OMX/cmex/m/n on input line 35.
LaTeX Font Info:    ... okay on input line 35.
LaTeX Font Info:    Checking defaults for U/cmr/m/n on input line 35.
LaTeX Font Info:    ... okay on input line 35.

(C:\Program Files\MiKTeX\tex/context/base/mkii\supp-pdf.mkii
[Loading MPS to PDF converter (version 2006.09.02).]
\scratchcounter=\count277
\scratchdimen=\dimen167
\scratchbox=\box52
\nofMPsegments=\count278
\nofMParguments=\count279
\everyMPshowfont=\toks25
\MPscratchCnt=\count280
\MPscratchDim=\dimen168
\MPnumerator=\count281
\makeMPintoPDFobject=\count282
\everyMPtoPDFconversion=\toks26
) (C:\Program Files\MiKTeX\tex/latex/epstopdf-pkg\epstopdf-base.sty
Package: epstopdf-base 2020-01-24 v2.11 Base part for package epstopdf
Package epstopdf-base Info: Redefining graphics rule for `.eps' on input line 4
85.
)
*geometry* driver: auto-detecting
*geometry* detected driver: pdftex
*geometry* verbose mode - [ preamble ] result:
* driver: pdftex
* paper: a4paper
* layout: <same size as paper>
* layoutoffset:(h,v)=(0.0pt,0.0pt)
* modes: 
* h-part:(L,W,R)=(85.35826pt, 441.01773pt, 71.13188pt)
* v-part:(T,H,B)=(71.13188pt, 702.78308pt, 71.13188pt)
* \paperwidth=597.50787pt
* \paperheight=845.04684pt
* \textwidth=441.01773pt
* \textheight=702.78308pt
* \oddsidemargin=13.08827pt
* \evensidemargin=13.08827pt
* \topmargin=-38.1381pt
* \headheight=20.0pt
* \headsep=25.0pt
* \topskip=12.0pt
* \footskip=30.0pt
* \marginparwidth=35.0pt
* \marginparsep=10.0pt
* \columnsep=10.0pt
* \skip\footins=10.8pt plus 4.0pt minus 2.0pt
* \hoffset=0.0pt
* \voffset=0.0pt
* \mag=1000
* \@twocolumnfalse
* \@twosidefalse
* \@mparswitchfalse
* \@reversemarginfalse
* (1in=72.27pt=25.4mm, 1cm=28.453pt)

Package scrlayer Info: Setting magic \footheight to \baselineskip while
(scrlayer)             \begin{document} on input line 35.
LaTeX Info: Redefining \microtypecontext on input line 35.
Package microtype Info: Generating PDF output.
Package microtype Info: Character protrusion enabled (level 2).
Package microtype Info: Using default protrusion set `alltext'.
Package microtype Info: Automatic font expansion enabled (level 2),
(microtype)             stretch: 20, shrink: 20, step: 1, non-selected.
Package microtype Info: Using default expansion set `alltext-nott'.
LaTeX Info: Redefining \showhyphens on input line 35.
Package microtype Info: No adjustment of tracking.
Package microtype Info: No adjustment of interword spacing.
Package microtype Info: No adjustment of character kerning.
Package microtype Info: Loading generic protrusion settings for font family
(microtype)             `phv' (encoding: OT1).
(microtype)             For optimal results, create family-specific settings.
(microtype)             See the microtype manual for details.
(C:\Users\narfm\AppData\Roaming\MiKTeX\tex/latex/pdflscape\pdflscape.sty
Package: pdflscape 2019/12/05 v0.12 Display of landscape pages in PDF (HO)

(C:\Program Files\MiKTeX\tex/latex/graphics\lscape.sty
Package: lscape 2020/05/28 v3.02 Landscape Pages (DPC)
)
Package pdflscape Info: Auto-detected driver: pdftex on input line 81.
)
<its_logo.pdf, id=1, 127.75229pt x 58.79466pt>
File: its_logo.pdf Graphic file (type pdf)
<use its_logo.pdf>
Package pdftex.def Info: its_logo.pdf  used on input line 39.
(pdftex.def)             Requested size: 220.50887pt x 101.48457pt.
 [1

{C:/Users/narfm/AppData/Local/MiKTeX/pdftex/config/pdftex.map} <./its_logo.pdf>
] (doku.toc
(C:\Users\narfm\AppData\Roaming\MiKTeX\tex/latex/microtype\mt-cmr.cfg
File: mt-cmr.cfg 2013/05/19 v2.2 microtype config. file: Computer Modern Roman 
(RS)
)
LaTeX Font Info:    Trying to load font information for U+msa on input line 2.

(C:\Program Files\MiKTeX\tex/latex/amsfonts\umsa.fd
File: umsa.fd 2013/01/14 v3.01 AMS symbols A
)
(C:\Users\narfm\AppData\Roaming\MiKTeX\tex/latex/microtype\mt-msa.cfg
File: mt-msa.cfg 2006/02/04 v1.1 microtype config. file: AMS symbols (a) (RS)
)
LaTeX Font Info:    Trying to load font information for U+msb on input line 2.

(C:\Program Files\MiKTeX\tex/latex/amsfonts\umsb.fd
File: umsb.fd 2013/01/14 v3.01 AMS symbols B
)
(C:\Users\narfm\AppData\Roaming\MiKTeX\tex/latex/microtype\mt-msb.cfg
File: mt-msb.cfg 2005/06/01 v1.0 microtype config. file: AMS symbols (b) (RS)
))
\tf@toc=\write3
\openout3 = `doku.toc'.

File: its_logo.pdf Graphic file (type pdf)
<use its_logo.pdf>
Package pdftex.def Info: its_logo.pdf  used on input line 58.
(pdftex.def)             Requested size: 88.2022pt x 40.59258pt.


LaTeX Font Warning: Font shape `OT1/phv/m/scsl' undefined
(Font)              using `OT1/phv/m/sc' instead on input line 58.


Package scrlayer-scrpage Warning: \headheight to low.
(scrlayer-scrpage)                At least 44.94261pt needed,
(scrlayer-scrpage)                but only 20.0pt found.
(scrlayer-scrpage)                I'll enlarge \headheight, for further
(scrlayer-scrpage)                processing, but you should do this yourself,
(scrlayer-scrpage)                e.g., setting geometry's option
(scrlayer-scrpage)                `head=44.94261pt'.
(scrlayer-scrpage)                I'll also decrease \topmargin on input line 5
8.


Overfull \vbox (24.94261pt too high) has occurred while \output is active []



LaTeX Font Warning: Font shape `OT1/phv/m/scsl' undefined
(Font)              using `OT1/phv/m/sc' instead on input line 58.

[1]
File: its_logo.pdf Graphic file (type pdf)
<use its_logo.pdf>
Package pdftex.def Info: its_logo.pdf  used on input line 69.
(pdftex.def)             Requested size: 88.2022pt x 40.59258pt.


LaTeX Font Warning: Font shape `OT1/phv/m/scsl' undefined
(Font)              using `OT1/phv/m/sc' instead on input line 69.


LaTeX Font Warning: Font shape `OT1/phv/m/scsl' undefined
(Font)              using `OT1/phv/m/sc' instead on input line 69.

[2]
File: its_logo.pdf Graphic file (type pdf)
<use its_logo.pdf>
Package pdftex.def Info: its_logo.pdf  used on input line 84.
(pdftex.def)             Requested size: 88.2022pt x 40.59258pt.


LaTeX Font Warning: Font shape `OT1/phv/m/scsl' undefined
(Font)              using `OT1/phv/m/sc' instead on input line 84.


LaTeX Font Warning: Font shape `OT1/phv/m/scsl' undefined
(Font)              using `OT1/phv/m/sc' instead on input line 84.

[3]
LaTeX Font Info:    Trying to load font information for TS1+phv on input line 1
01.
 (C:\Users\narfm\AppData\Roaming\MiKTeX\tex/latex/psnfss\ts1phv.fd
File: ts1phv.fd 2020/03/25 scalable font definitions for TS1/phv.
)
Package microtype Info: Loading generic protrusion settings for font family
(microtype)             `phv' (encoding: TS1).
(microtype)             For optimal results, create family-specific settings.
(microtype)             See the microtype manual for details.

Overfull \hbox (10.41698pt too wide) in paragraph at lines 89--104
[] 
 []

File: its_logo.pdf Graphic file (type pdf)
<use its_logo.pdf>
Package pdftex.def Info: its_logo.pdf  used on input line 104.
(pdftex.def)             Requested size: 88.2022pt x 40.59258pt.

LaTeX Font Warning: Font shape `OT1/phv/m/scsl' undefined
(Font)              using `OT1/phv/m/sc' instead on input line 104.


LaTeX Font Warning: Font shape `OT1/phv/m/scsl' undefined
(Font)              using `OT1/phv/m/sc' instead on input line 104.

[4]

pdfTeX warning: pdflatex (file ./lastenheft.pdf): PDF inclusion: found PDF vers
ion <1.6>, but at most version <1.5> allowed
<lastenheft.pdf, id=22, page=1, 597.53635pt x 845.04686pt>
File: lastenheft.pdf Graphic file (type pdf)
<use lastenheft.pdf, page 1>
Package pdftex.def Info: lastenheft.pdf , page1 used on input line 108.
(pdftex.def)             Requested size: 432.19548pt x 611.21846pt.
File: its_logo.pdf Graphic file (type pdf)
<use its_logo.pdf>
Package pdftex.def Info: its_logo.pdf  used on input line 109.
(pdftex.def)             Requested size: 88.2022pt x 40.59258pt.

LaTeX Font Warning: Font shape `OT1/phv/m/scsl' undefined
(Font)              using `OT1/phv/m/sc' instead on input line 109.


LaTeX Font Warning: Font shape `OT1/phv/m/scsl' undefined
(Font)              using `OT1/phv/m/sc' instead on input line 109.

[5 <./lastenheft.pdf>]

pdfTeX warning: pdflatex (file ./lastenheft.pdf): PDF inclusion: found PDF vers
ion <1.6>, but at most version <1.5> allowed
<lastenheft.pdf, id=44, page=2, 597.53635pt x 845.04686pt>
File: lastenheft.pdf Graphic file (type pdf)
<use lastenheft.pdf, page 2>
Package pdftex.def Info: lastenheft.pdf , page2 used on input line 110.
(pdftex.def)             Requested size: 432.19548pt x 611.21846pt.

Overfull \hbox (8.80257pt too wide) in paragraph at lines 110--111
[][] 
 []

File: its_logo.pdf Graphic file (type pdf)
<use its_logo.pdf>
Package pdftex.def Info: its_logo.pdf  used on input line 111.
(pdftex.def)             Requested size: 88.2022pt x 40.59258pt.

LaTeX Font Warning: Font shape `OT1/phv/m/scsl' undefined
(Font)              using `OT1/phv/m/sc' instead on input line 111.


LaTeX Font Warning: Font shape `OT1/phv/m/scsl' undefined
(Font)              using `OT1/phv/m/sc' instead on input line 111.

[6 <./lastenheft.pdf>] (doku.aux) ) 
Here is how much of TeX's memory you used:
 8041 strings out of 479408
 147062 string characters out of 2867916
 522721 words of memory out of 3000000
 25167 multiletter control sequences out of 15000+200000
 431083 words of font info for 144 fonts, out of 3000000 for 9000
 1141 hyphenation exceptions out of 8191
 126i,23n,130p,416b,510s stack positions out of 5000i,500n,10000p,200000b,50000s
{C:/Program Files/MiKTeX/fonts/enc/dvips/bas
e/8r.enc}<C:/Program Files/MiKTeX/fonts/type1/urw/helvetic/uhvb8a.pfb><C:/Progr
am Files/MiKTeX/fonts/type1/urw/helvetic/uhvr8a.pfb>
Output written on doku.pdf (7 pages, 175479 bytes).
PDF statistics:
 76 PDF objects out of 1000 (max. 8388607)
 0 named destinations out of 1000 (max. 500000)
 53264 words of extra memory for PDF output out of 61914 (max. 10000000)

