\BOOKMARK [1][-]{section.1}{Vorwort}{}% 1
\BOOKMARK [2][-]{subsection.1.1}{Einleitung}{section.1}% 2
\BOOKMARK [2][-]{subsection.1.2}{Projektrahmen}{section.1}% 3
\BOOKMARK [2][-]{subsection.1.3}{Aufgabenstellung}{section.1}% 4
\BOOKMARK [2][-]{subsection.1.4}{Zusatzinformationen}{section.1}% 5
\BOOKMARK [2][-]{subsection.1.5}{Definition Smart Home Zentrale}{section.1}% 6
\BOOKMARK [2][-]{subsection.1.6}{Datenschutzhinweis}{section.1}% 7
\BOOKMARK [1][-]{section.2}{Zielsetzung}{}% 8
\BOOKMARK [2][-]{subsection.2.1}{Konzeption}{section.2}% 9
\BOOKMARK [2][-]{subsection.2.2}{Anforderungen und gew\374nschte Features}{section.2}% 10
\BOOKMARK [1][-]{section.3}{Herangehensweise}{}% 11
\BOOKMARK [2][-]{subsection.3.1}{Hardware}{section.3}% 12
\BOOKMARK [2][-]{subsection.3.2}{Software}{section.3}% 13
\BOOKMARK [3][-]{subsubsection.3.2.1}{Home Assistant}{subsection.3.2}% 14
\BOOKMARK [3][-]{subsubsection.3.2.2}{MQTT und Zigbee2MQTT}{subsection.3.2}% 15
\BOOKMARK [1][-]{section.4}{Zeitplan}{}% 16
\BOOKMARK [1][-]{section.5}{Komplett\374bersicht}{}% 17
\BOOKMARK [2][-]{subsection.5.1}{Das ,,fertige`` Produkt}{section.5}% 18
\BOOKMARK [2][-]{subsection.5.2}{Kostenaufstellung}{section.5}% 19
\BOOKMARK [3][-]{subsubsection.5.2.1}{Beschaffungskosten}{subsection.5.2}% 20
\BOOKMARK [3][-]{subsubsection.5.2.2}{Kostenberechung f\374r die 3D-Druckteile}{subsection.5.2}% 21
\BOOKMARK [1][-]{section.6}{Hardware}{}% 22
\BOOKMARK [2][-]{subsection.6.1}{Raspberry Pi 4}{section.6}% 23
\BOOKMARK [2][-]{subsection.6.2}{Aufbau des Prototypen}{section.6}% 24
\BOOKMARK [2][-]{subsection.6.3}{Geh\344use}{section.6}% 25
\BOOKMARK [3][-]{subsubsection.6.3.1}{Erster Test des Geh\344uses}{subsection.6.3}% 26
\BOOKMARK [3][-]{subsubsection.6.3.2}{Modellentwicklung am Objekt}{subsection.6.3}% 27
\BOOKMARK [3][-]{subsubsection.6.3.3}{Herstellung des Geh\344uses}{subsection.6.3}% 28
\BOOKMARK [2][-]{subsection.6.4}{Erstellung des RPi-HATs}{section.6}% 29
\BOOKMARK [2][-]{subsection.6.5}{Pr\344sentationsaufbau}{section.6}% 30
\BOOKMARK [1][-]{section.7}{Software}{}% 31
\BOOKMARK [2][-]{subsection.7.1}{\334berblick}{section.7}% 32
\BOOKMARK [2][-]{subsection.7.2}{Installationsskript}{section.7}% 33
\BOOKMARK [2][-]{subsection.7.3}{Home Assistant Supervised}{section.7}% 34
\BOOKMARK [2][-]{subsection.7.4}{Mosquitto Broker}{section.7}% 35
\BOOKMARK [2][-]{subsection.7.5}{Zigbee2MQTT}{section.7}% 36
\BOOKMARK [2][-]{subsection.7.6}{Erstellung des Betriebssystem-Image}{section.7}% 37
\BOOKMARK [1][-]{section.8}{Epilog \046 Fazit}{}% 38
\BOOKMARK [2][-]{subsection.8.1}{Fehler \046 Probleme}{section.8}% 39
\BOOKMARK [2][-]{subsection.8.2}{Danksagung}{section.8}% 40
\BOOKMARK [1][-]{section.9}{Quellen}{}% 41
\BOOKMARK [2][-]{subsection.9.1}{Dokumentationsquellen}{section.9}% 42
\BOOKMARK [2][-]{subsection.9.2}{Verwendete Software}{section.9}% 43
\BOOKMARK [2][-]{subsection.9.3}{Verwendete Hardware}{section.9}% 44
\BOOKMARK [1][-]{section.10}{Anhang}{}% 45
\BOOKMARK [2][-]{subsection.10.1}{Lastenheft}{section.10}% 46
\BOOKMARK [2][-]{subsection.10.2}{Installationsskript}{section.10}% 47
\BOOKMARK [2][-]{subsection.10.3}{YAML-Dateien}{section.10}% 48
\BOOKMARK [3][-]{subsubsection.10.3.1}{Home Assistant Konfiguration}{subsection.10.3}% 49
\BOOKMARK [3][-]{subsubsection.10.3.2}{Zigbee2MQTT Konfiguration}{subsection.10.3}% 50
\BOOKMARK [3][-]{subsubsection.10.3.3}{Zigbee Ger\344teauflistung}{subsection.10.3}% 51
\BOOKMARK [2][-]{subsection.10.4}{Geh\344use-Zeichunungen}{section.10}% 52
\BOOKMARK [2][-]{subsection.10.5}{Raspberry Pi HAT E-Schema}{section.10}% 53
\BOOKMARK [2][-]{subsection.10.6}{Hardware-Dokumentationen}{section.10}% 54
\BOOKMARK [1][-]{section.11}{Verzeichnisse}{}% 55
